kim,010-1111-1111,wer1,12345678,0,seoul,1,15
Busch,010-1111-1112,wer2,12345678,0,busan,2,16,18
buses,010-1111-1113,wer3,12345678,0,daegu,0,0
bush,010-1111-1114,wer4,12345678,0,seoul,0,0
bushel,010-1111-1115,wer5,12345678,0,busan,0,0
bushmaster,010-1111-1116,wer6,12345678,0,daegu,0,0
Bushnell,010-1111-1117,wer7,12345678,0,seoul,0,0
bushwhack,010-1111-1118,wer8,12345678,0,busan,0,0
bushy,010-1111-1119,wer9,12345678,0,daegu,0,0
business,010-1111-1120,wer10,12345678,0,seoul,0,0
businessman,010-1111-1121,wer11,12345678,0,busan,0,0
businessmen,010-1111-1122,wer12,12345678,0,daegu,0,0
buss,010-1111-1123,wer13,12345678,0,seoul,0,0
bust,010-1111-1124,wer14,12345678,0,busan,0,0
bustard,010-1111-1125,wer15,12345678,0,daegu,0,0
bustle,010-1111-1126,wer16,12345678,0,seoul,0,0
busy,010-1111-1127,wer17,12345678,0,busan,0,0
but,010-1111-1128,wer18,12345678,0,daegu,0,0
butadiene,010-1111-1129,wer19,12345678,0,seoul,0,0
butane,010-1111-1130,wer20,12345678,0,busan,0,0
butch,010-1111-1131,wer21,12345678,0,daegu,0,0
butchery,010-1111-1132,wer22,12345678,0,seoul,0,0
butene,010-1111-1133,wer23,12345678,0,busan,0,0
